<?xml version="1.0" encoding="UTF-8"?>
<!-- Generated by org.testng.reporters.JUnitReportReporter -->
<testsuite hostname="LAPTOP-6F5Q0R9O" failures="0" tests="3" name="nutanHospital_Page_Tests.Login_Page_Tests" time="58.715" errors="0" timestamp="2022-10-28T19:38:49 IST" skipped="0">
  <testcase classname="nutanHospital_Page_Tests.Login_Page_Tests" name="loginWithoutUser" time="10.426"/>
  <system-out/>
  <testcase classname="nutanHospital_Page_Tests.Login_Page_Tests" name="loginWithoutPassword" time="14.796"/>
  <system-out/>
  <testcase classname="nutanHospital_Page_Tests.Login_Page_Tests" name="successfullLogin" time="33.493"/>
  <system-out/>
</testsuite> <!-- nutanHospital_Page_Tests.Login_Page_Tests -->
