<?xml version="1.0" encoding="UTF-8"?>
<!-- Generated by org.testng.reporters.JUnitReportReporter -->
<testsuite hostname="LAPTOP-6F5Q0R9O" failures="0" tests="1" name="registration_Page_Tests.RegistrationProcess" time="32.925" errors="0" timestamp="2022-10-29T07:31:30 IST" skipped="0">
  <testcase classname="registration_Page_Tests.RegistrationProcess" name="registrationProcess" time="32.925"/>
  <system-out/>
</testsuite> <!-- registration_Page_Tests.RegistrationProcess -->
